<?xml version="1.0" encoding="UTF-8"?>
<testsuites name="jest tests" tests="10" failures="0" errors="0" time="41.568">
  <testsuite name="Views/Forgot Password" errors="0" failures="0" skipped="0" timestamp="2023-07-08T13:20:32" time="22.469" tests="1">
    <testcase classname="Views/Forgot Password ForgotPassword smoke-test" name="Views/Forgot Password ForgotPassword smoke-test" time="1.27">
    </testcase>
  </testsuite>
  <testsuite name="Design System/Background" errors="0" failures="0" skipped="0" timestamp="2023-07-08T13:20:32" time="22.859" tests="1">
    <testcase classname="Design System/Background Background smoke-test" name="Design System/Background Background smoke-test" time="0.731">
    </testcase>
  </testsuite>
  <testsuite name="Design System/Colors" errors="0" failures="0" skipped="0" timestamp="2023-07-08T13:20:32" time="22.853" tests="1">
    <testcase classname="Design System/Colors Colors smoke-test" name="Design System/Colors Colors smoke-test" time="1.355">
    </testcase>
  </testsuite>
  <testsuite name="Views/Home" errors="0" failures="0" skipped="0" timestamp="2023-07-08T13:20:32" time="22.72" tests="1">
    <testcase classname="Views/Home Home smoke-test" name="Views/Home Home smoke-test" time="1.216">
    </testcase>
  </testsuite>
  <testsuite name="Views/Sign Up" errors="0" failures="0" skipped="0" timestamp="2023-07-08T13:20:32" time="23.354" tests="1">
    <testcase classname="Views/Sign Up SignUp smoke-test" name="Views/Sign Up SignUp smoke-test" time="1.661">
    </testcase>
  </testsuite>
  <testsuite name="Design System/Typograhy" errors="0" failures="0" skipped="0" timestamp="2023-07-08T13:20:32" time="25.32" tests="1">
    <testcase classname="Design System/Typograhy Typograhy smoke-test" name="Design System/Typograhy Typograhy smoke-test" time="0.497">
    </testcase>
  </testsuite>
  <testsuite name="Forms/Sign Up" errors="0" failures="0" skipped="0" timestamp="2023-07-08T13:20:56" time="6.24" tests="1">
    <testcase classname="Forms/Sign Up SignUp smoke-test" name="Forms/Sign Up SignUp smoke-test" time="0.793">
    </testcase>
  </testsuite>
  <testsuite name="Views/Login" errors="0" failures="0" skipped="0" timestamp="2023-07-08T13:20:32" time="29.817" tests="1">
    <testcase classname="Views/Login Login smoke-test" name="Views/Login Login smoke-test" time="0.917">
    </testcase>
  </testsuite>
  <testsuite name="Forms/Forgot Password" errors="0" failures="0" skipped="0" timestamp="2023-07-08T13:20:56" time="6.449" tests="1">
    <testcase classname="Forms/Forgot Password ForgotPassword smoke-test" name="Forms/Forgot Password ForgotPassword smoke-test" time="0.829">
    </testcase>
  </testsuite>
  <testsuite name="Forms/Login" errors="0" failures="0" skipped="0" timestamp="2023-07-08T13:20:56" time="7.025" tests="1">
    <testcase classname="Forms/Login Login smoke-test" name="Forms/Login Login smoke-test" time="0.778">
    </testcase>
  </testsuite>
</testsuites>