<?xml version="1.0" encoding="UTF-8"?>
<testsuites name="web tests" tests="10" failures="0" errors="0" time="70.712">
  <testsuite name="Views/Home" errors="0" failures="0" skipped="0" timestamp="2023-07-08T16:24:08" time="25.442" tests="1">
    <testcase classname="Views/Home Home smoke-test" name="Views/Home Home smoke-test" time="2.459">
    </testcase>
  </testsuite>
  <testsuite name="Design System/Typograhy" errors="0" failures="0" skipped="0" timestamp="2023-07-08T16:24:08" time="29.106" tests="1">
    <testcase classname="Design System/Typograhy Typograhy smoke-test" name="Design System/Typograhy Typograhy smoke-test" time="2.437">
    </testcase>
  </testsuite>
  <testsuite name="Design System/Colors" errors="0" failures="0" skipped="0" timestamp="2023-07-08T16:24:08" time="29.06" tests="1">
    <testcase classname="Design System/Colors Colors smoke-test" name="Design System/Colors Colors smoke-test" time="2.735">
    </testcase>
  </testsuite>
  <testsuite name="Design System/Background" errors="0" failures="0" skipped="0" timestamp="2023-07-08T16:24:08" time="29.324" tests="1">
    <testcase classname="Design System/Background Background smoke-test" name="Design System/Background Background smoke-test" time="2.854">
    </testcase>
  </testsuite>
  <testsuite name="Views/Login" errors="0" failures="0" skipped="0" timestamp="2023-07-08T16:24:08" time="34.338" tests="1">
    <testcase classname="Views/Login Login smoke-test" name="Views/Login Login smoke-test" time="1.895">
    </testcase>
  </testsuite>
  <testsuite name="Views/Forgot Password" errors="0" failures="0" skipped="0" timestamp="2023-07-08T16:24:09" time="34.701" tests="1">
    <testcase classname="Views/Forgot Password ForgotPassword smoke-test" name="Views/Forgot Password ForgotPassword smoke-test" time="1.626">
    </testcase>
  </testsuite>
  <testsuite name="Views/Sign Up" errors="0" failures="0" skipped="0" timestamp="2023-07-08T16:24:08" time="36.585" tests="1">
    <testcase classname="Views/Sign Up SignUp smoke-test" name="Views/Sign Up SignUp smoke-test" time="2.536">
    </testcase>
  </testsuite>
  <testsuite name="Forms/Sign Up" errors="0" failures="0" skipped="0" timestamp="2023-07-08T16:24:38" time="8.221" tests="1">
    <testcase classname="Forms/Sign Up SignUp smoke-test" name="Forms/Sign Up SignUp smoke-test" time="0.683">
    </testcase>
  </testsuite>
  <testsuite name="Forms/Forgot Password" errors="0" failures="0" skipped="0" timestamp="2023-07-08T16:24:38" time="8.479" tests="1">
    <testcase classname="Forms/Forgot Password ForgotPassword smoke-test" name="Forms/Forgot Password ForgotPassword smoke-test" time="0.869">
    </testcase>
  </testsuite>
  <testsuite name="Forms/Login" errors="0" failures="0" skipped="0" timestamp="2023-07-08T16:24:36" time="10.522" tests="1">
    <testcase classname="Forms/Login Login smoke-test" name="Forms/Login Login smoke-test" time="0.851">
    </testcase>
  </testsuite>
</testsuites>