<?xml version="1.0" encoding="UTF-8"?>
<testsuites name="jest tests" tests="42" failures="0" errors="0" time="57.233">
  <testsuite name="Library/Button" errors="0" failures="0" skipped="0" timestamp="2023-07-08T13:20:48" time="18.836" tests="2">
    <testcase classname="Library/Button IconWithSimpleMenu smoke-test" name="Library/Button IconWithSimpleMenu smoke-test" time="0.592">
    </testcase>
    <testcase classname="Library/Button IconWithMenuItems smoke-test" name="Library/Button IconWithMenuItems smoke-test" time="0.334">
    </testcase>
  </testsuite>
  <testsuite name="Navigation/Scrolling" errors="0" failures="0" skipped="0" timestamp="2023-07-08T13:20:48" time="19.496" tests="1">
    <testcase classname="Navigation/Scrolling WithContent smoke-test" name="Navigation/Scrolling WithContent smoke-test" time="0.931">
    </testcase>
  </testsuite>
  <testsuite name="Navigation/Header" errors="0" failures="0" skipped="0" timestamp="2023-07-08T13:20:48" time="20.324" tests="4">
    <testcase classname="Navigation/Header AppHeader smoke-test" name="Navigation/Header AppHeader smoke-test" time="0.814">
    </testcase>
    <testcase classname="Navigation/Header SubHeader smoke-test" name="Navigation/Header SubHeader smoke-test" time="0.551">
    </testcase>
    <testcase classname="Navigation/Header SubHeaderWithSearch smoke-test" name="Navigation/Header SubHeaderWithSearch smoke-test" time="0.264">
    </testcase>
    <testcase classname="Navigation/Header HeaderComponents smoke-test" name="Navigation/Header HeaderComponents smoke-test" time="0.349">
    </testcase>
  </testsuite>
  <testsuite name="Layout/Header" errors="0" failures="0" skipped="0" timestamp="2023-07-08T13:20:48" time="19.72" tests="1">
    <testcase classname="Layout/Header Header smoke-test" name="Layout/Header Header smoke-test" time="1.373">
    </testcase>
  </testsuite>
  <testsuite name="Navigation/Header/Group" errors="0" failures="0" skipped="0" timestamp="2023-07-08T13:20:49" time="19.192" tests="3">
    <testcase classname="Navigation/Header/Group BothDivider smoke-test" name="Navigation/Header/Group BothDivider smoke-test" time="1.023">
    </testcase>
    <testcase classname="Navigation/Header/Group NoDivider smoke-test" name="Navigation/Header/Group NoDivider smoke-test" time="0.427">
    </testcase>
    <testcase classname="Navigation/Header/Group WithSpacing smoke-test" name="Navigation/Header/Group WithSpacing smoke-test" time="0.211">
    </testcase>
  </testsuite>
  <testsuite name="Library/Card/Profile" errors="0" failures="0" skipped="0" timestamp="2023-07-08T13:20:49" time="20.272" tests="4">
    <testcase classname="Library/Card/Profile WithData smoke-test" name="Library/Card/Profile WithData smoke-test" time="0.85">
    </testcase>
    <testcase classname="Library/Card/Profile Loading smoke-test" name="Library/Card/Profile Loading smoke-test" time="0.314">
    </testcase>
    <testcase classname="Library/Card/Profile Styled smoke-test" name="Library/Card/Profile Styled smoke-test" time="0.208">
    </testcase>
    <testcase classname="Library/Card/Profile Mobile smoke-test" name="Library/Card/Profile Mobile smoke-test" time="0.205">
    </testcase>
  </testsuite>
  <testsuite name="Navigation/Menu" errors="0" failures="0" skipped="0" timestamp="2023-07-08T13:20:48" time="21.367" tests="2">
    <testcase classname="Navigation/Menu WithContent smoke-test" name="Navigation/Menu WithContent smoke-test" time="1.354">
    </testcase>
    <testcase classname="Navigation/Menu WithProfileCard smoke-test" name="Navigation/Menu WithProfileCard smoke-test" time="0.339">
    </testcase>
  </testsuite>
  <testsuite name="Library/Button" errors="0" failures="0" skipped="0" timestamp="2023-07-08T13:21:07" time="5.269" tests="3">
    <testcase classname="Library/Button Contained smoke-test" name="Library/Button Contained smoke-test" time="0.511">
    </testcase>
    <testcase classname="Library/Button Outlined smoke-test" name="Library/Button Outlined smoke-test" time="0.219">
    </testcase>
    <testcase classname="Library/Button Text smoke-test" name="Library/Button Text smoke-test" time="0.221">
    </testcase>
  </testsuite>
  <testsuite name="Library/Alerts" errors="0" failures="0" skipped="0" timestamp="2023-07-08T13:21:07" time="5.629" tests="4">
    <testcase classname="Library/Alerts Info smoke-test" name="Library/Alerts Info smoke-test" time="0.509">
    </testcase>
    <testcase classname="Library/Alerts Success smoke-test" name="Library/Alerts Success smoke-test" time="0.221">
    </testcase>
    <testcase classname="Library/Alerts Warning smoke-test" name="Library/Alerts Warning smoke-test" time="0.202">
    </testcase>
    <testcase classname="Library/Alerts Error smoke-test" name="Library/Alerts Error smoke-test" time="0.226">
    </testcase>
  </testsuite>
  <testsuite name="Navigation/Modal/Responsive" errors="0" failures="0" skipped="0" timestamp="2023-07-08T13:21:08" time="5.164" tests="1">
    <testcase classname="Navigation/Modal/Responsive Responsive smoke-test" name="Navigation/Modal/Responsive Responsive smoke-test" time="0.771">
    </testcase>
  </testsuite>
  <testsuite name="Navigation/Menu" errors="0" failures="0" skipped="0" timestamp="2023-07-08T13:21:08" time="5.085" tests="1">
    <testcase classname="Navigation/Menu Mobile smoke-test" name="Navigation/Menu Mobile smoke-test" time="0.746">
    </testcase>
  </testsuite>
  <testsuite name="Navigation/Menu" errors="0" failures="0" skipped="0" timestamp="2023-07-08T13:21:08" time="5.234" tests="1">
    <testcase classname="Navigation/Menu Responsive smoke-test" name="Navigation/Menu Responsive smoke-test" time="1.129">
    </testcase>
  </testsuite>
  <testsuite name="Navigation/Modal/Card" errors="0" failures="0" skipped="0" timestamp="2023-07-08T13:21:09" time="5.742" tests="1">
    <testcase classname="Navigation/Modal/Card Card smoke-test" name="Navigation/Modal/Card Card smoke-test" time="1.422">
    </testcase>
  </testsuite>
  <testsuite name="Library/Toggle/Theme" errors="0" failures="0" skipped="0" timestamp="2023-07-08T13:21:10" time="5.676" tests="2">
    <testcase classname="Library/Toggle/Theme Light smoke-test" name="Library/Toggle/Theme Light smoke-test" time="1.1">
    </testcase>
    <testcase classname="Library/Toggle/Theme Dark smoke-test" name="Library/Toggle/Theme Dark smoke-test" time="0.445">
    </testcase>
  </testsuite>
  <testsuite name="Library/Card/Profile" errors="0" failures="0" skipped="0" timestamp="2023-07-08T13:21:13" time="5.28" tests="1">
    <testcase classname="Library/Card/Profile Responsive smoke-test" name="Library/Card/Profile Responsive smoke-test" time="0.643">
    </testcase>
  </testsuite>
  <testsuite name="Navigation/Pwa" errors="0" failures="0" skipped="0" timestamp="2023-07-08T13:21:13" time="5.398" tests="1">
    <testcase classname="Navigation/Pwa UpdateDialog smoke-test" name="Navigation/Pwa UpdateDialog smoke-test" time="0.672">
    </testcase>
  </testsuite>
  <testsuite name="Library/Logo" errors="0" failures="0" skipped="0" timestamp="2023-07-08T13:21:13" time="6.115" tests="3">
    <testcase classname="Library/Logo Small smoke-test" name="Library/Logo Small smoke-test" time="0.583">
    </testcase>
    <testcase classname="Library/Logo Medium smoke-test" name="Library/Logo Medium smoke-test" time="0.262">
    </testcase>
    <testcase classname="Library/Logo Large smoke-test" name="Library/Logo Large smoke-test" time="0.424">
    </testcase>
  </testsuite>
  <testsuite name="Library/Search" errors="0" failures="0" skipped="0" timestamp="2023-07-08T13:21:14" time="5.424" tests="2">
    <testcase classname="Library/Search FullWidth smoke-test" name="Library/Search FullWidth smoke-test" time="0.646">
    </testcase>
    <testcase classname="Library/Search MaxWidth smoke-test" name="Library/Search MaxWidth smoke-test" time="0.281">
    </testcase>
  </testsuite>
  <testsuite name="Library/Logo" errors="0" failures="0" skipped="0" timestamp="2023-07-08T13:21:13" time="6.197" tests="2">
    <testcase classname="Library/Logo FullMedium smoke-test" name="Library/Logo FullMedium smoke-test" time="0.69">
    </testcase>
    <testcase classname="Library/Logo FullLarge smoke-test" name="Library/Logo FullLarge smoke-test" time="0.226">
    </testcase>
  </testsuite>
  <testsuite name="Navigation/Header" errors="0" failures="0" skipped="0" timestamp="2023-07-08T13:21:15" time="4.888" tests="1">
    <testcase classname="Navigation/Header Responsive smoke-test" name="Navigation/Header Responsive smoke-test" time="0.807">
    </testcase>
  </testsuite>
  <testsuite name="Navigation/Pwa" errors="0" failures="0" skipped="0" timestamp="2023-07-08T13:21:16" time="4.434" tests="1">
    <testcase classname="Navigation/Pwa OfflineDialog smoke-test" name="Navigation/Pwa OfflineDialog smoke-test" time="0.671">
    </testcase>
  </testsuite>
  <testsuite name="Layout/Basic" errors="0" failures="0" skipped="0" timestamp="2023-07-08T13:21:18" time="3.175" tests="1">
    <testcase classname="Layout/Basic Basic smoke-test" name="Layout/Basic Basic smoke-test" time="0.3">
    </testcase>
  </testsuite>
</testsuites>